

Working Directory = /home/vv2trainee8/Desktop/Sourabh/synth/work
QoS Summary for rv32i_core
================================================================================
Metric                          generic        
================================================================================
Slack (ps):                      -260
  R2R (ps):                      -260
  I2R (ps):                       325
  R2O (ps):                  no_value
  I2O (ps):                  no_value
  CG  (ps):                  no_value
TNS (ps):                      67,278
  R2R (ps):                    67,278
  I2R (ps):                         0
  R2O (ps):                  no_value
  I2O (ps):                  no_value
  CG  (ps):                  no_value
Failing Paths:                    296
Cell Area:                  1,065,222
Total Cell Area:            1,065,222
Leaf Instances:               290,682
Total Instances:              290,682
Utilization (%):                 0.00
Tot. Net Length (um):        no_value
Avg. Net Length (um):        no_value
Route Overflow H (%):        no_value
Route Overflow V (%):        no_value
MBCI(%) (bits/gate) :            0.00
Norm Cong Hotspot Area:
  Max Cong:                  no_value
  Tot Cong:                  no_value
================================================================================
CPU  Runtime (h:m:s):        00:13:04
Real Runtime (h:m:s):        00:24:37
CPU  Elapsed (h:m:s):        00:13:11
Real Elapsed (h:m:s):        00:24:39
Memory (MB):                  1761.47
================================================================================
================================================================================
Flow Settings:
================================================================================
Total Runtime (h:m:s): 00:25:35
Total Memory (MB):     1761.47
Executable Version:    17.22-s017_1
================================================================================
Total Cell Area =  Cell Area + Physical Cell Area
Total Instances =  Leaf Instances + Physical Instances


