

Working Directory = /home/vv2trainee8/Desktop/Sourabh/synth/work
QoS Summary for rv32i_core
================================================================================
Metric                          generic        
================================================================================
Slack (ps):                      -304
  R2R (ps):                      -304
  I2R (ps):                       325
  R2O (ps):                  no_value
  I2O (ps):                  no_value
  CG  (ps):                  no_value
TNS (ps):                      73,333
  R2R (ps):                    73,333
  I2R (ps):                         0
  R2O (ps):                  no_value
  I2O (ps):                  no_value
  CG  (ps):                  no_value
Failing Paths:                    296
Cell Area:                  1,065,348
Total Cell Area:            1,065,348
Leaf Instances:               290,732
Total Instances:              290,732
Utilization (%):                 0.00
Tot. Net Length (um):        no_value
Avg. Net Length (um):        no_value
Route Overflow H (%):        no_value
Route Overflow V (%):        no_value
MBCI(%) (bits/gate) :            0.00
Norm Cong Hotspot Area:
  Max Cong:                  no_value
  Tot Cong:                  no_value
================================================================================
CPU  Runtime (h:m:s):        00:12:22
Real Runtime (h:m:s):        00:20:26
CPU  Elapsed (h:m:s):        00:12:29
Real Elapsed (h:m:s):        00:20:28
Memory (MB):                  1756.91
================================================================================
================================================================================
Flow Settings:
================================================================================
Total Runtime (h:m:s): 00:21:18
Total Memory (MB):     1756.91
Executable Version:    17.22-s017_1
================================================================================
Total Cell Area =  Cell Area + Physical Cell Area
Total Instances =  Leaf Instances + Physical Instances


