============================================================
  Generated by:           Genus(TM) Synthesis Solution 17.22-s017_1
  Generated on:           Mar 07 2019  03:44:02 am
  Module:                 rv32i_core
  Technology libraries:   fast_vdd1v0 1.0
                          slow_vdd1v0 1.0
  Operating conditions:   PVT_1P1V_0C (balanced_tree)
  Wireload mode:          enclosed
  Area mode:              timing library
============================================================

Timing
--------

Clock Period 
-------------
clk   1000.0 
vclk  1000.0 


  Cost    Critical              Violating 
 Group   Path Slack     TNS       Paths   
------------------------------------------
clk          -304.0   -73333.1        296 
default    No paths        0.0            
vclk       No paths        0.0            
------------------------------------------
Total                 -73333.1        296 

Instance Count
--------------
Leaf Instance Count             290732 
Physical Instance count              0 
Sequential Instance Count        43364 
Combinational Instance Count    247368 
Hierarchical Instance Count         42 

Area
----
Cell Area                          1065348.327
Physical Cell Area                 0.000
Total Cell Area (Cell+Physical)    1065348.327
Net Area                           0.000
Total Area (Cell+Physical+Net)     1065348.327

Runtime                            499.627967 seconds
Elapsed Runtime                    1265 seconds
Genus peak memory usage            1762.12 
Innovus peak memory usage          no_value 
Hostname                           compute-srv2.eda.atme.in
