

Working Directory = /home/vv2trainee8/Desktop/Sourabh/synth/work
QoS Summary for rv32i_core
================================================================================
Metric                          generic        
================================================================================
Slack (ps):                      -182
  R2R (ps):                      -182
  I2R (ps):                       313
  R2O (ps):                  no_value
  I2O (ps):                  no_value
  CG  (ps):                  no_value
TNS (ps):                      44,783
  R2R (ps):                    44,783
  I2R (ps):                         0
  R2O (ps):                  no_value
  I2O (ps):                  no_value
  CG  (ps):                  no_value
Failing Paths:                    296
Cell Area:                  1,060,522
Total Cell Area:            1,060,522
Leaf Instances:               288,918
Total Instances:              288,918
Utilization (%):                 0.00
Tot. Net Length (um):        no_value
Avg. Net Length (um):        no_value
Route Overflow H (%):        no_value
Route Overflow V (%):        no_value
MBCI(%) (bits/gate) :            0.00
Norm Cong Hotspot Area:
  Max Cong:                  no_value
  Tot Cong:                  no_value
================================================================================
CPU  Runtime (h:m:s):        00:14:19
Real Runtime (h:m:s):        00:26:36
CPU  Elapsed (h:m:s):        00:14:26
Real Elapsed (h:m:s):        00:26:38
Memory (MB):                  1707.87
================================================================================
================================================================================
Flow Settings:
================================================================================
Total Runtime (h:m:s): 00:27:30
Total Memory (MB):     1707.87
Executable Version:    17.22-s017_1
================================================================================
Total Cell Area =  Cell Area + Physical Cell Area
Total Instances =  Leaf Instances + Physical Instances


