============================================================
  Generated by:           Genus(TM) Synthesis Solution 17.22-s017_1
  Generated on:           Mar 01 2019  03:58:50 am
  Module:                 rv32i_core
  Technology libraries:   fast_vdd1v0 1.0
                          slow_vdd1v0 1.0
  Operating conditions:   PVT_1P1V_0C (balanced_tree)
  Wireload mode:          enclosed
  Area mode:              timing library
============================================================

Timing
--------

Clock Period 
-------------
clk   1000.0 
vclk  1000.0 


  Cost    Critical              Violating 
 Group   Path Slack     TNS       Paths   
------------------------------------------
clk          -181.6   -44782.6        296 
default    No paths        0.0            
vclk       No paths        0.0            
------------------------------------------
Total                 -44782.6        296 

Instance Count
--------------
Leaf Instance Count             288918 
Physical Instance count              0 
Sequential Instance Count        43364 
Combinational Instance Count    245554 
Hierarchical Instance Count          8 

Area
----
Cell Area                          1060522.233
Physical Cell Area                 0.000
Total Cell Area (Cell+Physical)    1060522.233
Net Area                           0.000
Total Area (Cell+Physical+Net)     1060522.233

Runtime                            767.311113 seconds
Elapsed Runtime                    1637 seconds
Genus peak memory usage            1713.08 
Innovus peak memory usage          no_value 
Hostname                           compute-srv2.eda.atme.in
