============================================================
  Generated by:           Genus(TM) Synthesis Solution 17.22-s017_1
  Generated on:           Mar 06 2019  11:49:36 pm
  Module:                 rv32i_core
  Technology libraries:   fast_vdd1v0 1.0
                          slow_vdd1v0 1.0
  Operating conditions:   PVT_1P1V_0C (balanced_tree)
  Wireload mode:          enclosed
  Area mode:              timing library
============================================================

 
  Hierarchy Report Format : 
 
    level instance ( module ) <status>
 
    status :    preserve_<value> -- indicating preserve hierachy or inherited_preserve value
           :    blackbox --  indicating  unresolved instance
 
==================================================================

 0 rv32i_core
  1 u_branch ( branch_jump_unit ) 
     2 add_83_52_Y_add_82_43 ( add_unsigned_30515 ) 
     2 add_95_35 ( add_unsigned_30511 ) 
  1 u_decode ( top_decode ) 
     2 u_ctrl ( control_unit ) 
     2 u_decode_unit ( decode_unit ) 
     2 u_regfile ( register_file ) 
  1 u_ex_mem ( ex_mem_pipe ) 
  1 u_exe ( execute_stage ) 
     2 u_alu_top ( alu_top32 ) 
        3 u_arith ( arithmetic_unit32 ) 
           4 add_87_34 ( add_unsigned_31014 ) 
           4 sub_88_34 ( sub_unsigned_31010 ) 
        3 u_cmp ( compare_unit32 ) 
           4 lt_9_50 ( lt_signed_30520 ) 
           4 lt_10_41 ( lt_unsigned_30518 ) 
        3 u_logic ( logical_unit32 ) 
        3 u_shift ( shift_unit32 ) 
           4 sll_91_51_Y_sll_83_36 ( shift_left_vlog_unsigned_31008 ) 
           4 srl_86_36 ( shift_right_vlog_unsigned_30684 ) 
  1 u_fwd ( forwarding_unit ) 
  1 u_hazard ( hazard_unit ) 
  1 u_id_ex ( id_ex_pipe ) 
  1 u_if ( if_stage_simple_btb ) 
     2 add_84_34 ( add_unsigned_30511_31073 ) 
     2 u_btb ( btb ) 
        3 U_FILE ( btb_file_SETS8_WAYS2_TAGW27 ) 
        3 U_READ ( btb_read_TAGW27 ) 
        3 U_WRITE ( btb_write_TAGW27 ) 
           4 dp0 ( dynamic_branch_predictor ) 
           4 dp1 ( dynamic_branch_predictor_2389 ) 
        3 add_66_33 ( add_unsigned_30511_31073 ) 
     2 u_imem ( inst_mem ) 
     2 u_pc_reg ( pc_reg ) 
  1 u_if_id ( if_id_pipe ) 
  1 u_mem ( mem_stage ) 
     2 u_datamem ( data_mem_top ) 
        3 u_load ( load_datapath ) 
        3 u_mem ( data_memory ) 
        3 u_store ( store_datapath ) 
  1 u_mem_wb ( mem_wb_pipe ) 
  1 u_wb ( wb_stage ) 
