============================================================
  Generated by:           Genus(TM) Synthesis Solution 17.22-s017_1
  Generated on:           Mar 01 2019  04:00:17 am
  Module:                 rv32i_core
  Technology libraries:   fast_vdd1v0 1.0
                          slow_vdd1v0 1.0
  Operating conditions:   PVT_1P1V_0C (balanced_tree)
  Wireload mode:          enclosed
  Area mode:              timing library
============================================================

Timing
--------

Clock Period 
-------------
clk   1000.0 
vclk  1000.0 


  Cost    Critical              Violating 
 Group   Path Slack     TNS       Paths   
------------------------------------------
clk          -259.5   -67278.2        296 
default    No paths        0.0            
vclk       No paths        0.0            
------------------------------------------
Total                 -67278.2        296 

Instance Count
--------------
Leaf Instance Count             290682 
Physical Instance count              0 
Sequential Instance Count        43365 
Combinational Instance Count    247317 
Hierarchical Instance Count         42 

Area
----
Cell Area                          1065221.535
Physical Cell Area                 0.000
Total Cell Area (Cell+Physical)    1065221.535
Net Area                           0.000
Total Area (Cell+Physical+Net)     1065221.535

Runtime                            517.296027 seconds
Elapsed Runtime                    1337 seconds
Genus peak memory usage            1763.32 
Innovus peak memory usage          no_value 
Hostname                           compute-srv2.eda.atme.in
